0 verbose cli C:\Program Files\nodejs\node.exe C:\Program Files\nodejs\node_modules\npm\bin\npm-cli.js
1 info using npm@10.9.2
2 info using node@v22.14.0
3 silly config load:file:C:\Program Files\nodejs\node_modules\npm\npmrc
4 silly config load:file:C:\Projects\Dev-Hub\vitalsgaurd\.npmrc
5 silly config load:file:C:\Users\HP\.npmrc
6 silly config load:file:C:\Users\HP\AppData\Roaming\npm\etc\npmrc
7 verbose title npm install
8 verbose argv "install" "--cache" ".npm-cache"
9 verbose logfile logs-max:10 dir:C:\Projects\Dev-Hub\vitalsgaurd\.npm-cache\_logs\2026-03-23T11_05_26_113Z-
10 verbose logfile C:\Projects\Dev-Hub\vitalsgaurd\.npm-cache\_logs\2026-03-23T11_05_26_113Z-debug-0.log
11 silly logfile done cleaning log files
12 silly packumentCache heap:4345298944 maxSize:1086324736 maxEntrySize:543162368
13 silly idealTree buildDeps
14 verbose shrinkwrap failed to load node_modules/.package-lock.json out of date, updated: node_modules
15 silly reify moves {}
16 silly audit bulk request {
16 silly audit   '@babel/code-frame': [ '7.29.0' ],
16 silly audit   '@babel/compat-data': [ '7.29.0' ],
16 silly audit   '@babel/core': [ '7.29.0' ],
16 silly audit   '@babel/generator': [ '7.29.1' ],
16 silly audit   '@babel/helper-compilation-targets': [ '7.28.6' ],
16 silly audit   '@babel/helper-globals': [ '7.28.0' ],
16 silly audit   '@babel/helper-module-imports': [ '7.28.6' ],
16 silly audit   '@babel/helper-module-transforms': [ '7.28.6' ],
16 silly audit   '@babel/helper-plugin-utils': [ '7.28.6' ],
16 silly audit   '@babel/helper-string-parser': [ '7.27.1' ],
16 silly audit   '@babel/helper-validator-identifier': [ '7.28.5' ],
16 silly audit   '@babel/helper-validator-option': [ '7.27.1' ],
16 silly audit   '@babel/helpers': [ '7.29.2' ],
16 silly audit   '@babel/parser': [ '7.29.2' ],
16 silly audit   '@babel/plugin-transform-react-jsx-self': [ '7.27.1' ],
16 silly audit   '@babel/plugin-transform-react-jsx-source': [ '7.27.1' ],
16 silly audit   '@babel/runtime': [ '7.29.2' ],
16 silly audit   '@babel/template': [ '7.28.6' ],
16 silly audit   '@babel/traverse': [ '7.29.0' ],
16 silly audit   '@babel/types': [ '7.29.0' ],
16 silly audit   '@esbuild/aix-ppc64': [ '0.21.5' ],
16 silly audit   '@esbuild/android-arm': [ '0.21.5' ],
16 silly audit   '@esbuild/android-arm64': [ '0.21.5' ],
16 silly audit   '@esbuild/android-x64': [ '0.21.5' ],
16 silly audit   '@esbuild/darwin-arm64': [ '0.21.5' ],
16 silly audit   '@esbuild/darwin-x64': [ '0.21.5' ],
16 silly audit   '@esbuild/freebsd-arm64': [ '0.21.5' ],
16 silly audit   '@esbuild/freebsd-x64': [ '0.21.5' ],
16 silly audit   '@esbuild/linux-arm': [ '0.21.5' ],
16 silly audit   '@esbuild/linux-arm64': [ '0.21.5' ],
16 silly audit   '@esbuild/linux-ia32': [ '0.21.5' ],
16 silly audit   '@esbuild/linux-loong64': [ '0.21.5' ],
16 silly audit   '@esbuild/linux-mips64el': [ '0.21.5' ],
16 silly audit   '@esbuild/linux-ppc64': [ '0.21.5' ],
16 silly audit   '@esbuild/linux-riscv64': [ '0.21.5' ],
16 silly audit   '@esbuild/linux-s390x': [ '0.21.5' ],
16 silly audit   '@esbuild/linux-x64': [ '0.21.5' ],
16 silly audit   '@esbuild/netbsd-x64': [ '0.21.5' ],
16 silly audit   '@esbuild/openbsd-x64': [ '0.21.5' ],
16 silly audit   '@esbuild/sunos-x64': [ '0.21.5' ],
16 silly audit   '@esbuild/win32-arm64': [ '0.21.5' ],
16 silly audit   '@esbuild/win32-ia32': [ '0.21.5' ],
16 silly audit   '@esbuild/win32-x64': [ '0.21.5' ],
16 silly audit   '@jridgewell/gen-mapping': [ '0.3.13' ],
16 silly audit   '@jridgewell/remapping': [ '2.3.5' ],
16 silly audit   '@jridgewell/resolve-uri': [ '3.1.2' ],
16 silly audit   '@jridgewell/sourcemap-codec': [ '1.5.5' ],
16 silly audit   '@jridgewell/trace-mapping': [ '0.3.31' ],
16 silly audit   '@kurkle/color': [ '0.3.4' ],
16 silly audit   '@remix-run/router': [ '1.23.2' ],
16 silly audit   '@rolldown/pluginutils': [ '1.0.0-beta.27' ],
16 silly audit   '@rollup/rollup-android-arm-eabi': [ '4.60.0' ],
16 silly audit   '@rollup/rollup-android-arm64': [ '4.60.0' ],
16 silly audit   '@rollup/rollup-darwin-arm64': [ '4.60.0' ],
16 silly audit   '@rollup/rollup-darwin-x64': [ '4.60.0' ],
16 silly audit   '@rollup/rollup-freebsd-arm64': [ '4.60.0' ],
16 silly audit   '@rollup/rollup-freebsd-x64': [ '4.60.0' ],
16 silly audit   '@rollup/rollup-linux-arm-gnueabihf': [ '4.60.0' ],
16 silly audit   '@rollup/rollup-linux-arm-musleabihf': [ '4.60.0' ],
16 silly audit   '@rollup/rollup-linux-arm64-gnu': [ '4.60.0' ],
16 silly audit   '@rollup/rollup-linux-arm64-musl': [ '4.60.0' ],
16 silly audit   '@rollup/rollup-linux-loong64-gnu': [ '4.60.0' ],
16 silly audit   '@rollup/rollup-linux-loong64-musl': [ '4.60.0' ],
16 silly audit   '@rollup/rollup-linux-ppc64-gnu': [ '4.60.0' ],
16 silly audit   '@rollup/rollup-linux-ppc64-musl': [ '4.60.0' ],
16 silly audit   '@rollup/rollup-linux-riscv64-gnu': [ '4.60.0' ],
16 silly audit   '@rollup/rollup-linux-riscv64-musl': [ '4.60.0' ],
16 silly audit   '@rollup/rollup-linux-s390x-gnu': [ '4.60.0' ],
16 silly audit   '@rollup/rollup-linux-x64-gnu': [ '4.60.0' ],
16 silly audit   '@rollup/rollup-linux-x64-musl': [ '4.60.0' ],
16 silly audit   '@rollup/rollup-openbsd-x64': [ '4.60.0' ],
16 silly audit   '@rollup/rollup-openharmony-arm64': [ '4.60.0' ],
16 silly audit   '@rollup/rollup-win32-arm64-msvc': [ '4.60.0' ],
16 silly audit   '@rollup/rollup-win32-ia32-msvc': [ '4.60.0' ],
16 silly audit   '@rollup/rollup-win32-x64-gnu': [ '4.60.0' ],
16 silly audit   '@rollup/rollup-win32-x64-msvc': [ '4.60.0' ],
16 silly audit   '@supabase/auth-js': [ '2.99.3' ],
16 silly audit   '@supabase/functions-js': [ '2.99.3' ],
16 silly audit   '@supabase/postgrest-js': [ '2.99.3' ],
16 silly audit   '@supabase/realtime-js': [ '2.99.3' ],
16 silly audit   '@supabase/storage-js': [ '2.99.3' ],
16 silly audit   '@supabase/supabase-js': [ '2.99.3' ],
16 silly audit   '@types/babel__core': [ '7.20.5' ],
16 silly audit   '@types/babel__generator': [ '7.27.0' ],
16 silly audit   '@types/babel__template': [ '7.4.4' ],
16 silly audit   '@types/babel__traverse': [ '7.28.0' ],
16 silly audit   '@types/d3-array': [ '3.2.2' ],
16 silly audit   '@types/d3-color': [ '3.1.3' ],
16 silly audit   '@types/d3-ease': [ '3.0.2' ],
16 silly audit   '@types/d3-interpolate': [ '3.0.4' ],
16 silly audit   '@types/d3-path': [ '3.1.1' ],
16 silly audit   '@types/d3-scale': [ '4.0.9' ],
16 silly audit   '@types/d3-shape': [ '3.1.8' ],
16 silly audit   '@types/d3-time': [ '3.0.4' ],
16 silly audit   '@types/d3-timer': [ '3.0.2' ],
16 silly audit   '@types/estree': [ '1.0.8' ],
16 silly audit   '@types/node': [ '25.5.0' ],
16 silly audit   '@types/phoenix': [ '1.6.7' ],
16 silly audit   '@types/ws': [ '8.18.1' ],
16 silly audit   '@vitejs/plugin-react': [ '4.7.0' ],
16 silly audit   'baseline-browser-mapping': [ '2.10.10' ],
16 silly audit   browserslist: [ '4.28.1' ],
16 silly audit   'caniuse-lite': [ '1.0.30001781' ],
16 silly audit   'chart.js': [ '4.5.1' ],
16 silly audit   clsx: [ '2.1.1' ],
16 silly audit   'convert-source-map': [ '2.0.0' ],
16 silly audit   csstype: [ '3.2.3' ],
16 silly audit   'd3-array': [ '3.2.4' ],
16 silly audit   'd3-color': [ '3.1.0' ],
16 silly audit   'd3-ease': [ '3.0.1' ],
16 silly audit   'd3-format': [ '3.1.2' ],
16 silly audit   'd3-interpolate': [ '3.0.1' ],
16 silly audit   'd3-path': [ '3.1.0' ],
16 silly audit   'd3-scale': [ '4.0.2' ],
16 silly audit   'd3-shape': [ '3.2.0' ],
16 silly audit   'd3-time': [ '3.1.0' ],
16 silly audit   'd3-time-format': [ '4.1.0' ],
16 silly audit   'd3-timer': [ '3.0.1' ],
16 silly audit   debug: [ '4.4.3' ],
16 silly audit   'decimal.js-light': [ '2.5.1' ],
16 silly audit   'dom-helpers': [ '5.2.1' ],
16 silly audit   dotenv: [ '17.3.1' ],
16 silly audit   'electron-to-chromium': [ '1.5.321' ],
16 silly audit   esbuild: [ '0.21.5' ],
16 silly audit   escalade: [ '3.2.0' ],
16 silly audit   eventemitter3: [ '4.0.7' ],
16 silly audit   'fast-equals': [ '5.4.0' ],
16 silly audit   fsevents: [ '2.3.3' ],
16 silly audit   gensync: [ '1.0.0-beta.2' ],
16 silly audit   'iceberg-js': [ '0.8.1' ],
16 silly audit   internmap: [ '2.0.3' ],
16 silly audit   'js-tokens': [ '4.0.0' ],
16 silly audit   jsesc: [ '3.1.0' ],
16 silly audit   json5: [ '2.2.3' ],
16 silly audit   lodash: [ '4.17.23' ],
16 silly audit   'loose-envify': [ '1.4.0' ],
16 silly audit   'lru-cache': [ '5.1.1' ],
16 silly audit   ms: [ '2.1.3' ],
16 silly audit   nanoid: [ '3.3.11' ],
16 silly audit   'node-releases': [ '2.0.36' ],
16 silly audit   'object-assign': [ '4.1.1' ],
16 silly audit   picocolors: [ '1.1.1' ],
16 silly audit   postcss: [ '8.5.8' ],
16 silly audit   'prop-types': [ '15.8.1' ],
16 silly audit   'react-is': [ '16.13.1', '18.3.1' ],
16 silly audit   react: [ '18.3.1' ],
16 silly audit   'react-dom': [ '18.3.1' ],
16 silly audit   'react-refresh': [ '0.17.0' ],
16 silly audit   'react-router': [ '6.30.3' ],
16 silly audit   'react-router-dom': [ '6.30.3' ],
16 silly audit   'react-smooth': [ '4.0.4' ],
16 silly audit   'react-transition-group': [ '4.4.5' ],
16 silly audit   recharts: [ '2.15.4' ],
16 silly audit   'recharts-scale': [ '0.4.5' ],
16 silly audit   rollup: [ '4.60.0' ],
16 silly audit   scheduler: [ '0.23.2' ],
16 silly audit   semver: [ '6.3.1' ],
16 silly audit   'source-map-js': [ '1.2.1' ],
16 silly audit   'tiny-invariant': [ '1.3.3' ],
16 silly audit   tslib: [ '2.8.1' ],
16 silly audit   'undici-types': [ '7.18.2' ],
16 silly audit   'update-browserslist-db': [ '1.2.3' ],
16 silly audit   'victory-vendor': [ '36.9.2' ],
16 silly audit   vite: [ '5.4.21' ],
16 silly audit   ws: [ '8.20.0' ],
16 silly audit   yallist: [ '3.1.1' ]
16 silly audit }
17 verbose reify failed optional dependency C:\Projects\Dev-Hub\vitalsgaurd\node_modules\fsevents
18 silly reify mark deleted [ 'C:\\Projects\\Dev-Hub\\vitalsgaurd\\node_modules\\fsevents' ]
19 verbose reify failed optional dependency C:\Projects\Dev-Hub\vitalsgaurd\node_modules\@rollup\rollup-win32-ia32-msvc
20 silly reify mark deleted [
20 silly reify   'C:\\Projects\\Dev-Hub\\vitalsgaurd\\node_modules\\@rollup\\rollup-win32-ia32-msvc'
20 silly reify ]
21 verbose reify failed optional dependency C:\Projects\Dev-Hub\vitalsgaurd\node_modules\@rollup\rollup-win32-arm64-msvc
22 silly reify mark deleted [
22 silly reify   'C:\\Projects\\Dev-Hub\\vitalsgaurd\\node_modules\\@rollup\\rollup-win32-arm64-msvc'
22 silly reify ]
23 verbose reify failed optional dependency C:\Projects\Dev-Hub\vitalsgaurd\node_modules\@rollup\rollup-openharmony-arm64
24 silly reify mark deleted [
24 silly reify   'C:\\Projects\\Dev-Hub\\vitalsgaurd\\node_modules\\@rollup\\rollup-openharmony-arm64'
24 silly reify ]
25 verbose reify failed optional dependency C:\Projects\Dev-Hub\vitalsgaurd\node_modules\@rollup\rollup-openbsd-x64
26 silly reify mark deleted [
26 silly reify   'C:\\Projects\\Dev-Hub\\vitalsgaurd\\node_modules\\@rollup\\rollup-openbsd-x64'
26 silly reify ]
27 verbose reify failed optional dependency C:\Projects\Dev-Hub\vitalsgaurd\node_modules\@rollup\rollup-linux-x64-musl
28 silly reify mark deleted [
28 silly reify   'C:\\Projects\\Dev-Hub\\vitalsgaurd\\node_modules\\@rollup\\rollup-linux-x64-musl'
28 silly reify ]
29 verbose reify failed optional dependency C:\Projects\Dev-Hub\vitalsgaurd\node_modules\@rollup\rollup-linux-x64-gnu
30 silly reify mark deleted [
30 silly reify   'C:\\Projects\\Dev-Hub\\vitalsgaurd\\node_modules\\@rollup\\rollup-linux-x64-gnu'
30 silly reify ]
31 verbose reify failed optional dependency C:\Projects\Dev-Hub\vitalsgaurd\node_modules\@rollup\rollup-linux-s390x-gnu
32 silly reify mark deleted [
32 silly reify   'C:\\Projects\\Dev-Hub\\vitalsgaurd\\node_modules\\@rollup\\rollup-linux-s390x-gnu'
32 silly reify ]
33 verbose reify failed optional dependency C:\Projects\Dev-Hub\vitalsgaurd\node_modules\@rollup\rollup-linux-riscv64-musl
34 silly reify mark deleted [
34 silly reify   'C:\\Projects\\Dev-Hub\\vitalsgaurd\\node_modules\\@rollup\\rollup-linux-riscv64-musl'
34 silly reify ]
35 verbose reify failed optional dependency C:\Projects\Dev-Hub\vitalsgaurd\node_modules\@rollup\rollup-linux-riscv64-gnu
36 silly reify mark deleted [
36 silly reify   'C:\\Projects\\Dev-Hub\\vitalsgaurd\\node_modules\\@rollup\\rollup-linux-riscv64-gnu'
36 silly reify ]
37 verbose reify failed optional dependency C:\Projects\Dev-Hub\vitalsgaurd\node_modules\@rollup\rollup-linux-ppc64-musl
38 silly reify mark deleted [
38 silly reify   'C:\\Projects\\Dev-Hub\\vitalsgaurd\\node_modules\\@rollup\\rollup-linux-ppc64-musl'
38 silly reify ]
39 verbose reify failed optional dependency C:\Projects\Dev-Hub\vitalsgaurd\node_modules\@rollup\rollup-linux-ppc64-gnu
40 silly reify mark deleted [
40 silly reify   'C:\\Projects\\Dev-Hub\\vitalsgaurd\\node_modules\\@rollup\\rollup-linux-ppc64-gnu'
40 silly reify ]
41 verbose reify failed optional dependency C:\Projects\Dev-Hub\vitalsgaurd\node_modules\@rollup\rollup-linux-loong64-musl
42 silly reify mark deleted [
42 silly reify   'C:\\Projects\\Dev-Hub\\vitalsgaurd\\node_modules\\@rollup\\rollup-linux-loong64-musl'
42 silly reify ]
43 verbose reify failed optional dependency C:\Projects\Dev-Hub\vitalsgaurd\node_modules\@rollup\rollup-linux-loong64-gnu
44 silly reify mark deleted [
44 silly reify   'C:\\Projects\\Dev-Hub\\vitalsgaurd\\node_modules\\@rollup\\rollup-linux-loong64-gnu'
44 silly reify ]
45 verbose reify failed optional dependency C:\Projects\Dev-Hub\vitalsgaurd\node_modules\@rollup\rollup-linux-arm64-musl
46 silly reify mark deleted [
46 silly reify   'C:\\Projects\\Dev-Hub\\vitalsgaurd\\node_modules\\@rollup\\rollup-linux-arm64-musl'
46 silly reify ]
47 verbose reify failed optional dependency C:\Projects\Dev-Hub\vitalsgaurd\node_modules\@rollup\rollup-linux-arm64-gnu
48 silly reify mark deleted [
48 silly reify   'C:\\Projects\\Dev-Hub\\vitalsgaurd\\node_modules\\@rollup\\rollup-linux-arm64-gnu'
48 silly reify ]
49 verbose reify failed optional dependency C:\Projects\Dev-Hub\vitalsgaurd\node_modules\@rollup\rollup-linux-arm-musleabihf
50 silly reify mark deleted [
50 silly reify   'C:\\Projects\\Dev-Hub\\vitalsgaurd\\node_modules\\@rollup\\rollup-linux-arm-musleabihf'
50 silly reify ]
51 verbose reify failed optional dependency C:\Projects\Dev-Hub\vitalsgaurd\node_modules\@rollup\rollup-linux-arm-gnueabihf
52 silly reify mark deleted [
52 silly reify   'C:\\Projects\\Dev-Hub\\vitalsgaurd\\node_modules\\@rollup\\rollup-linux-arm-gnueabihf'
52 silly reify ]
53 verbose reify failed optional dependency C:\Projects\Dev-Hub\vitalsgaurd\node_modules\@rollup\rollup-freebsd-x64
54 silly reify mark deleted [
54 silly reify   'C:\\Projects\\Dev-Hub\\vitalsgaurd\\node_modules\\@rollup\\rollup-freebsd-x64'
54 silly reify ]
55 verbose reify failed optional dependency C:\Projects\Dev-Hub\vitalsgaurd\node_modules\@rollup\rollup-freebsd-arm64
56 silly reify mark deleted [
56 silly reify   'C:\\Projects\\Dev-Hub\\vitalsgaurd\\node_modules\\@rollup\\rollup-freebsd-arm64'
56 silly reify ]
57 verbose reify failed optional dependency C:\Projects\Dev-Hub\vitalsgaurd\node_modules\@rollup\rollup-darwin-x64
58 silly reify mark deleted [
58 silly reify   'C:\\Projects\\Dev-Hub\\vitalsgaurd\\node_modules\\@rollup\\rollup-darwin-x64'
58 silly reify ]
59 verbose reify failed optional dependency C:\Projects\Dev-Hub\vitalsgaurd\node_modules\@rollup\rollup-darwin-arm64
60 silly reify mark deleted [
60 silly reify   'C:\\Projects\\Dev-Hub\\vitalsgaurd\\node_modules\\@rollup\\rollup-darwin-arm64'
60 silly reify ]
61 verbose reify failed optional dependency C:\Projects\Dev-Hub\vitalsgaurd\node_modules\@rollup\rollup-android-arm64
62 silly reify mark deleted [
62 silly reify   'C:\\Projects\\Dev-Hub\\vitalsgaurd\\node_modules\\@rollup\\rollup-android-arm64'
62 silly reify ]
63 verbose reify failed optional dependency C:\Projects\Dev-Hub\vitalsgaurd\node_modules\@rollup\rollup-android-arm-eabi
64 silly reify mark deleted [
64 silly reify   'C:\\Projects\\Dev-Hub\\vitalsgaurd\\node_modules\\@rollup\\rollup-android-arm-eabi'
64 silly reify ]
65 verbose reify failed optional dependency C:\Projects\Dev-Hub\vitalsgaurd\node_modules\@esbuild\win32-ia32
66 silly reify mark deleted [
66 silly reify   'C:\\Projects\\Dev-Hub\\vitalsgaurd\\node_modules\\@esbuild\\win32-ia32'
66 silly reify ]
67 verbose reify failed optional dependency C:\Projects\Dev-Hub\vitalsgaurd\node_modules\@esbuild\win32-arm64
68 silly reify mark deleted [
68 silly reify   'C:\\Projects\\Dev-Hub\\vitalsgaurd\\node_modules\\@esbuild\\win32-arm64'
68 silly reify ]
69 verbose reify failed optional dependency C:\Projects\Dev-Hub\vitalsgaurd\node_modules\@esbuild\sunos-x64
70 silly reify mark deleted [
70 silly reify   'C:\\Projects\\Dev-Hub\\vitalsgaurd\\node_modules\\@esbuild\\sunos-x64'
70 silly reify ]
71 verbose reify failed optional dependency C:\Projects\Dev-Hub\vitalsgaurd\node_modules\@esbuild\openbsd-x64
72 silly reify mark deleted [
72 silly reify   'C:\\Projects\\Dev-Hub\\vitalsgaurd\\node_modules\\@esbuild\\openbsd-x64'
72 silly reify ]
73 verbose reify failed optional dependency C:\Projects\Dev-Hub\vitalsgaurd\node_modules\@esbuild\netbsd-x64
74 silly reify mark deleted [
74 silly reify   'C:\\Projects\\Dev-Hub\\vitalsgaurd\\node_modules\\@esbuild\\netbsd-x64'
74 silly reify ]
75 verbose reify failed optional dependency C:\Projects\Dev-Hub\vitalsgaurd\node_modules\@esbuild\linux-x64
76 silly reify mark deleted [
76 silly reify   'C:\\Projects\\Dev-Hub\\vitalsgaurd\\node_modules\\@esbuild\\linux-x64'
76 silly reify ]
77 verbose reify failed optional dependency C:\Projects\Dev-Hub\vitalsgaurd\node_modules\@esbuild\linux-s390x
78 silly reify mark deleted [
78 silly reify   'C:\\Projects\\Dev-Hub\\vitalsgaurd\\node_modules\\@esbuild\\linux-s390x'
78 silly reify ]
79 verbose reify failed optional dependency C:\Projects\Dev-Hub\vitalsgaurd\node_modules\@esbuild\linux-riscv64
80 silly reify mark deleted [
80 silly reify   'C:\\Projects\\Dev-Hub\\vitalsgaurd\\node_modules\\@esbuild\\linux-riscv64'
80 silly reify ]
81 verbose reify failed optional dependency C:\Projects\Dev-Hub\vitalsgaurd\node_modules\@esbuild\linux-ppc64
82 silly reify mark deleted [
82 silly reify   'C:\\Projects\\Dev-Hub\\vitalsgaurd\\node_modules\\@esbuild\\linux-ppc64'
82 silly reify ]
83 verbose reify failed optional dependency C:\Projects\Dev-Hub\vitalsgaurd\node_modules\@esbuild\linux-mips64el
84 silly reify mark deleted [
84 silly reify   'C:\\Projects\\Dev-Hub\\vitalsgaurd\\node_modules\\@esbuild\\linux-mips64el'
84 silly reify ]
85 verbose reify failed optional dependency C:\Projects\Dev-Hub\vitalsgaurd\node_modules\@esbuild\linux-loong64
86 silly reify mark deleted [
86 silly reify   'C:\\Projects\\Dev-Hub\\vitalsgaurd\\node_modules\\@esbuild\\linux-loong64'
86 silly reify ]
87 verbose reify failed optional dependency C:\Projects\Dev-Hub\vitalsgaurd\node_modules\@esbuild\linux-ia32
88 silly reify mark deleted [
88 silly reify   'C:\\Projects\\Dev-Hub\\vitalsgaurd\\node_modules\\@esbuild\\linux-ia32'
88 silly reify ]
89 verbose reify failed optional dependency C:\Projects\Dev-Hub\vitalsgaurd\node_modules\@esbuild\linux-arm64
90 silly reify mark deleted [
90 silly reify   'C:\\Projects\\Dev-Hub\\vitalsgaurd\\node_modules\\@esbuild\\linux-arm64'
90 silly reify ]
91 verbose reify failed optional dependency C:\Projects\Dev-Hub\vitalsgaurd\node_modules\@esbuild\linux-arm
92 silly reify mark deleted [
92 silly reify   'C:\\Projects\\Dev-Hub\\vitalsgaurd\\node_modules\\@esbuild\\linux-arm'
92 silly reify ]
93 verbose reify failed optional dependency C:\Projects\Dev-Hub\vitalsgaurd\node_modules\@esbuild\freebsd-x64
94 silly reify mark deleted [
94 silly reify   'C:\\Projects\\Dev-Hub\\vitalsgaurd\\node_modules\\@esbuild\\freebsd-x64'
94 silly reify ]
95 verbose reify failed optional dependency C:\Projects\Dev-Hub\vitalsgaurd\node_modules\@esbuild\freebsd-arm64
96 silly reify mark deleted [
96 silly reify   'C:\\Projects\\Dev-Hub\\vitalsgaurd\\node_modules\\@esbuild\\freebsd-arm64'
96 silly reify ]
97 verbose reify failed optional dependency C:\Projects\Dev-Hub\vitalsgaurd\node_modules\@esbuild\darwin-x64
98 silly reify mark deleted [
98 silly reify   'C:\\Projects\\Dev-Hub\\vitalsgaurd\\node_modules\\@esbuild\\darwin-x64'
98 silly reify ]
99 verbose reify failed optional dependency C:\Projects\Dev-Hub\vitalsgaurd\node_modules\@esbuild\darwin-arm64
100 silly reify mark deleted [
100 silly reify   'C:\\Projects\\Dev-Hub\\vitalsgaurd\\node_modules\\@esbuild\\darwin-arm64'
100 silly reify ]
101 verbose reify failed optional dependency C:\Projects\Dev-Hub\vitalsgaurd\node_modules\@esbuild\android-x64
102 silly reify mark deleted [
102 silly reify   'C:\\Projects\\Dev-Hub\\vitalsgaurd\\node_modules\\@esbuild\\android-x64'
102 silly reify ]
103 verbose reify failed optional dependency C:\Projects\Dev-Hub\vitalsgaurd\node_modules\@esbuild\android-arm64
104 silly reify mark deleted [
104 silly reify   'C:\\Projects\\Dev-Hub\\vitalsgaurd\\node_modules\\@esbuild\\android-arm64'
104 silly reify ]
105 verbose reify failed optional dependency C:\Projects\Dev-Hub\vitalsgaurd\node_modules\@esbuild\android-arm
106 silly reify mark deleted [
106 silly reify   'C:\\Projects\\Dev-Hub\\vitalsgaurd\\node_modules\\@esbuild\\android-arm'
106 silly reify ]
107 verbose reify failed optional dependency C:\Projects\Dev-Hub\vitalsgaurd\node_modules\@esbuild\aix-ppc64
108 silly reify mark deleted [
108 silly reify   'C:\\Projects\\Dev-Hub\\vitalsgaurd\\node_modules\\@esbuild\\aix-ppc64'
108 silly reify ]
109 http cache ws@https://registry.npmjs.org/ws/-/ws-8.20.0.tgz 1ms (cache hit)
110 http cache tslib@https://registry.npmjs.org/tslib/-/tslib-2.8.1.tgz 0ms (cache hit)
111 http cache dotenv@https://registry.npmjs.org/dotenv/-/dotenv-17.3.1.tgz 1ms (cache hit)
112 http cache undici-types@https://registry.npmjs.org/undici-types/-/undici-types-7.18.2.tgz 0ms (cache hit)
113 http cache @types/ws@https://registry.npmjs.org/@types/ws/-/ws-8.18.1.tgz 0ms (cache hit)
114 http cache @types/node@https://registry.npmjs.org/@types/node/-/node-25.5.0.tgz 0ms (cache hit)
115 http cache @supabase/supabase-js@https://registry.npmjs.org/@supabase/supabase-js/-/supabase-js-2.99.3.tgz 0ms (cache hit)
116 http cache @types/phoenix@https://registry.npmjs.org/@types/phoenix/-/phoenix-1.6.7.tgz 0ms (cache hit)
117 http cache iceberg-js@https://registry.npmjs.org/iceberg-js/-/iceberg-js-0.8.1.tgz 0ms (cache hit)
118 http cache @supabase/storage-js@https://registry.npmjs.org/@supabase/storage-js/-/storage-js-2.99.3.tgz 0ms (cache hit)
119 http cache @supabase/auth-js@https://registry.npmjs.org/@supabase/auth-js/-/auth-js-2.99.3.tgz 0ms (cache hit)
120 http cache @supabase/postgrest-js@https://registry.npmjs.org/@supabase/postgrest-js/-/postgrest-js-2.99.3.tgz 0ms (cache hit)
121 silly tarball no local data for ws@https://registry.npmjs.org/ws/-/ws-8.20.0.tgz. Extracting by manifest.
122 silly tarball no local data for tslib@https://registry.npmjs.org/tslib/-/tslib-2.8.1.tgz. Extracting by manifest.
123 silly tarball no local data for dotenv@https://registry.npmjs.org/dotenv/-/dotenv-17.3.1.tgz. Extracting by manifest.
124 http cache @supabase/functions-js@https://registry.npmjs.org/@supabase/functions-js/-/functions-js-2.99.3.tgz 0ms (cache hit)
125 silly tarball no local data for undici-types@https://registry.npmjs.org/undici-types/-/undici-types-7.18.2.tgz. Extracting by manifest.
126 silly tarball no local data for @types/ws@https://registry.npmjs.org/@types/ws/-/ws-8.18.1.tgz. Extracting by manifest.
127 silly tarball no local data for @types/node@https://registry.npmjs.org/@types/node/-/node-25.5.0.tgz. Extracting by manifest.
128 silly tarball no local data for @supabase/supabase-js@https://registry.npmjs.org/@supabase/supabase-js/-/supabase-js-2.99.3.tgz. Extracting by manifest.
129 http cache @supabase/realtime-js@https://registry.npmjs.org/@supabase/realtime-js/-/realtime-js-2.99.3.tgz 0ms (cache hit)
130 silly tarball no local data for @types/phoenix@https://registry.npmjs.org/@types/phoenix/-/phoenix-1.6.7.tgz. Extracting by manifest.
131 silly tarball no local data for iceberg-js@https://registry.npmjs.org/iceberg-js/-/iceberg-js-0.8.1.tgz. Extracting by manifest.
132 silly tarball no local data for @supabase/storage-js@https://registry.npmjs.org/@supabase/storage-js/-/storage-js-2.99.3.tgz. Extracting by manifest.
133 silly tarball no local data for @supabase/auth-js@https://registry.npmjs.org/@supabase/auth-js/-/auth-js-2.99.3.tgz. Extracting by manifest.
134 silly tarball no local data for @supabase/postgrest-js@https://registry.npmjs.org/@supabase/postgrest-js/-/postgrest-js-2.99.3.tgz. Extracting by manifest.
135 silly tarball no local data for @supabase/functions-js@https://registry.npmjs.org/@supabase/functions-js/-/functions-js-2.99.3.tgz. Extracting by manifest.
136 silly tarball no local data for @supabase/realtime-js@https://registry.npmjs.org/@supabase/realtime-js/-/realtime-js-2.99.3.tgz. Extracting by manifest.
137 http fetch GET 200 https://registry.npmjs.org/npm 520ms
138 http fetch POST 200 https://registry.npmjs.org/-/npm/v1/security/advisories/bulk 374ms
139 silly audit report {
139 silly audit report   esbuild: [
139 silly audit report     {
139 silly audit report       id: 1102341,
139 silly audit report       url: 'https://github.com/advisories/GHSA-67mh-4wv8-2f99',
139 silly audit report       title: 'esbuild enables any website to send any requests to the development server and read the response',
139 silly audit report       severity: 'moderate',
139 silly audit report       vulnerable_versions: '<=0.24.2',
139 silly audit report       cwe: [Array],
139 silly audit report       cvss: [Object]
139 silly audit report     }
139 silly audit report   ]
139 silly audit report }
140 silly packumentCache corgi:https://registry.npmjs.org/esbuild cache-miss
141 http fetch GET 200 https://registry.npmjs.org/@types/phoenix/-/phoenix-1.6.7.tgz 426ms (cache miss)
142 http fetch GET 200 https://registry.npmjs.org/@types/ws/-/ws-8.18.1.tgz 455ms (cache miss)
143 http fetch GET 200 https://registry.npmjs.org/dotenv/-/dotenv-17.3.1.tgz 510ms (cache miss)
144 http fetch GET 200 https://registry.npmjs.org/tslib/-/tslib-2.8.1.tgz 522ms (cache miss)
145 http fetch GET 200 https://registry.npmjs.org/iceberg-js/-/iceberg-js-0.8.1.tgz 520ms (cache miss)
146 http fetch GET 200 https://registry.npmjs.org/ws/-/ws-8.20.0.tgz 580ms (cache miss)
147 http fetch GET 200 https://registry.npmjs.org/esbuild 240ms (cache miss)
148 silly packumentCache corgi:https://registry.npmjs.org/esbuild set size:undefined disposed:false
149 silly packumentCache corgi:https://registry.npmjs.org/vite cache-miss
150 http fetch GET 200 https://registry.npmjs.org/@supabase/supabase-js/-/supabase-js-2.99.3.tgz 860ms (cache miss)
151 http fetch GET 200 https://registry.npmjs.org/undici-types/-/undici-types-7.18.2.tgz 869ms (cache miss)
152 http fetch GET 200 https://registry.npmjs.org/@supabase/storage-js/-/storage-js-2.99.3.tgz 887ms (cache miss)
153 http fetch GET 200 https://registry.npmjs.org/@supabase/postgrest-js/-/postgrest-js-2.99.3.tgz 900ms (cache miss)
154 http fetch GET 200 https://registry.npmjs.org/@supabase/functions-js/-/functions-js-2.99.3.tgz 931ms (cache miss)
155 http fetch GET 200 https://registry.npmjs.org/vite 235ms (cache miss)
156 silly packumentCache corgi:https://registry.npmjs.org/vite set size:undefined disposed:false
157 silly packumentCache corgi:https://registry.npmjs.org/@vitejs%2fplugin-react cache-miss
158 http fetch GET 200 https://registry.npmjs.org/@vitejs%2fplugin-react 110ms (cache miss)
159 silly packumentCache corgi:https://registry.npmjs.org/@vitejs%2fplugin-react set size:undefined disposed:false
160 http fetch GET 200 https://registry.npmjs.org/@supabase/realtime-js/-/realtime-js-2.99.3.tgz 1419ms (cache miss)
161 http fetch GET 200 https://registry.npmjs.org/@types/node/-/node-25.5.0.tgz 1507ms (cache miss)
162 http fetch GET 200 https://registry.npmjs.org/@supabase/auth-js/-/auth-js-2.99.3.tgz 1811ms (cache miss)
163 silly ADD node_modules/ws
164 silly ADD node_modules/undici-types
165 silly ADD node_modules/tslib
166 silly ADD node_modules/iceberg-js
167 silly ADD
168 silly ADD node_modules/dotenv
169 silly ADD node_modules/@types/ws
170 silly ADD node_modules/@types/phoenix
171 silly ADD node_modules/@types/node
172 silly ADD node_modules/@supabase/supabase-js
173 silly ADD node_modules/@supabase/storage-js
174 silly ADD node_modules/@supabase/realtime-js
175 silly ADD node_modules/@supabase/postgrest-js
176 silly ADD node_modules/@supabase/functions-js
177 silly ADD node_modules/@supabase/auth-js
178 silly ADD
179 silly ADD
180 silly ADD
181 silly ADD
182 silly ADD
183 silly ADD
184 silly ADD
185 silly ADD
186 silly ADD
187 silly ADD
188 silly ADD
189 silly ADD
190 silly ADD
191 silly ADD
192 silly ADD
193 silly ADD
194 silly ADD
195 silly ADD
196 silly ADD
197 silly ADD
198 silly ADD
199 silly ADD
200 silly ADD
201 silly ADD
202 silly ADD
203 silly ADD
204 silly ADD
205 silly ADD
206 silly ADD
207 silly ADD
208 silly ADD
209 silly ADD
210 silly ADD
211 silly ADD
212 silly ADD
213 silly ADD
214 silly ADD
215 silly ADD
216 silly ADD
217 silly ADD
218 silly ADD
219 silly ADD
220 silly ADD
221 silly ADD
222 silly ADD
223 verbose cwd C:\Projects\Dev-Hub\vitalsgaurd
224 verbose os Windows_NT 10.0.26200
225 verbose node v22.14.0
226 verbose npm  v10.9.2
227 notice
227 notice New major version of npm available! 10.9.2 -> 11.12.0
227 notice Changelog: https://github.com/npm/cli/releases/tag/v11.12.0
227 notice To update run: npm install -g npm@11.12.0
227 notice  { force: true, [Symbol(proc-log.meta)]: true }
228 verbose exit 0
229 info ok
